2024.02.24 21:00:05 INFO  Started: Metals version 1.2.2 in folders '/home/esben/programmierung/c#/raylibbis/nandWorld' for client Visual Studio Code 1.86.2.
21:00:06.395 [pool-1-thread-1] INFO org.flywaydb.core.internal.license.VersionPrinter -- Flyway Community Edition 9.22.3 by Redgate
21:00:06.397 [pool-1-thread-1] INFO org.flywaydb.core.internal.license.VersionPrinter -- See release notes here: https://rd.gt/416ObMi
21:00:06.398 [pool-1-thread-1] INFO org.flywaydb.core.internal.license.VersionPrinter -- 
21:00:06.400 [pool-1-thread-1] DEBUG org.flywaydb.core.internal.scanner.classpath.ClassPathScanner -- Scanning for classpath resources at 'classpath:db/callback' ...
21:00:06.400 [pool-1-thread-1] DEBUG org.flywaydb.core.internal.scanner.classpath.ClassPathScanner -- Determining location urls for classpath:db/callback using ClassLoader jdk.internal.loader.ClassLoaders$AppClassLoader@277050dc ...
21:00:06.400 [pool-1-thread-1] DEBUG org.flywaydb.core.internal.scanner.classpath.ClassPathScanner -- Unable to resolve location classpath:db/callback.
21:00:06.400 [pool-1-thread-1] DEBUG org.flywaydb.core.internal.scanner.classpath.ClassPathScanner -- Scanning for classpath resources at 'classpath:db/migration' ...
21:00:06.400 [pool-1-thread-1] DEBUG org.flywaydb.core.internal.scanner.classpath.ClassPathScanner -- Determining location urls for classpath:db/migration using ClassLoader jdk.internal.loader.ClassLoaders$AppClassLoader@277050dc ...
21:00:06.401 [pool-1-thread-1] DEBUG org.flywaydb.core.internal.scanner.classpath.ClassPathScanner -- Scanning URL: jar:file:/home/esben/.cache/coursier/v1/https/repo1.maven.org/maven2/org/scalameta/metals_2.13/1.2.2/metals_2.13-1.2.2.jar!/db/migration
21:00:06.403 [pool-1-thread-1] DEBUG org.flywaydb.core.internal.scanner.classpath.ClassPathScanner -- Found resource: db/migration/
21:00:06.403 [pool-1-thread-1] DEBUG org.flywaydb.core.internal.scanner.classpath.ClassPathScanner -- Found resource: db/migration/V1__Create_tables.sql
21:00:06.403 [pool-1-thread-1] DEBUG org.flywaydb.core.internal.scanner.classpath.ClassPathScanner -- Found resource: db/migration/V2__Server_discovery.sql
21:00:06.403 [pool-1-thread-1] DEBUG org.flywaydb.core.internal.scanner.classpath.ClassPathScanner -- Found resource: db/migration/V3__Jar_symbols.sql
21:00:06.403 [pool-1-thread-1] DEBUG org.flywaydb.core.internal.scanner.classpath.ClassPathScanner -- Found resource: db/migration/V4__Fingerprints.sql
21:00:06.403 [pool-1-thread-1] DEBUG org.flywaydb.core.internal.scanner.classpath.ClassPathScanner -- Scanning for classes at classpath:db/migration
21:00:06.406 [pool-1-thread-1] DEBUG org.flywaydb.core.internal.scanner.Scanner -- Filtering out resource: db/migration/ (filename: )
21:00:06.406 [pool-1-thread-1] DEBUG org.flywaydb.core.internal.resource.ResourceNameValidator -- Validating V2__Server_discovery.sql
21:00:06.407 [pool-1-thread-1] DEBUG org.flywaydb.core.internal.resource.ResourceNameValidator -- Validating V4__Fingerprints.sql
21:00:06.407 [pool-1-thread-1] DEBUG org.flywaydb.core.internal.resource.ResourceNameValidator -- Validating V1__Create_tables.sql
21:00:06.407 [pool-1-thread-1] DEBUG org.flywaydb.core.internal.resource.ResourceNameValidator -- Validating V3__Jar_symbols.sql
21:00:06.461 [pool-1-thread-1] INFO org.flywaydb.core.FlywayExecutor -- Database: jdbc:h2:file:/home/esben/programmierung/c#/raylibbis/nandWorld/.metals/metals (H2 2.2)
21:00:06.461 [pool-1-thread-1] DEBUG org.flywaydb.core.FlywayExecutor -- Driver: H2 JDBC Driver 2.2.224 (2023-09-17)
21:00:06.461 [pool-1-thread-1] DEBUG org.flywaydb.core.FlywayExecutor -- DDL Transactions Supported: false
21:00:06.462 [pool-1-thread-1] DEBUG org.flywaydb.core.internal.schemahistory.SchemaHistoryFactory -- Schemas: 
21:00:06.462 [pool-1-thread-1] DEBUG org.flywaydb.core.internal.schemahistory.SchemaHistoryFactory -- Default schema: null
21:00:06.465 [pool-1-thread-1] WARN org.flywaydb.core.internal.database.base.Database -- Flyway upgrade recommended: H2 2.2.224 is newer than this version of Flyway and support has not been tested. The latest supported version of H2 is 2.2.220.
21:00:06.466 [pool-1-thread-1] DEBUG org.flywaydb.core.internal.callback.SqlScriptCallbackFactory -- Scanning for SQL callbacks ...
21:00:06.466 [pool-1-thread-1] DEBUG org.flywaydb.core.internal.scanner.Scanner -- Filtering out resource: db/migration/ (filename: )
21:00:06.472 [pool-1-thread-1] DEBUG org.flywaydb.core.internal.command.DbValidate -- Validating migrations ...
21:00:06.475 [pool-1-thread-1] DEBUG org.flywaydb.core.internal.scanner.Scanner -- Filtering out resource: db/migration/ (filename: )
21:00:06.482 [pool-1-thread-1] DEBUG org.flywaydb.core.internal.scanner.Scanner -- Filtering out resource: db/migration/ (filename: )
21:00:06.482 [pool-1-thread-1] DEBUG org.flywaydb.core.internal.scanner.Scanner -- Filtering out resource: db/migration/V2__Server_discovery.sql (filename: V2__Server_discovery.sql)
21:00:06.482 [pool-1-thread-1] DEBUG org.flywaydb.core.internal.scanner.Scanner -- Filtering out resource: db/migration/V4__Fingerprints.sql (filename: V4__Fingerprints.sql)
21:00:06.482 [pool-1-thread-1] DEBUG org.flywaydb.core.internal.scanner.Scanner -- Filtering out resource: db/migration/V1__Create_tables.sql (filename: V1__Create_tables.sql)
21:00:06.482 [pool-1-thread-1] DEBUG org.flywaydb.core.internal.scanner.Scanner -- Filtering out resource: db/migration/V3__Jar_symbols.sql (filename: V3__Jar_symbols.sql)
21:00:06.483 [pool-1-thread-1] DEBUG org.flywaydb.core.internal.scanner.Scanner -- Filtering out resource: db/migration/ (filename: )
21:00:06.483 [pool-1-thread-1] DEBUG org.flywaydb.core.internal.scanner.Scanner -- Filtering out resource: db/migration/V2__Server_discovery.sql (filename: V2__Server_discovery.sql)
21:00:06.483 [pool-1-thread-1] DEBUG org.flywaydb.core.internal.scanner.Scanner -- Filtering out resource: db/migration/V4__Fingerprints.sql (filename: V4__Fingerprints.sql)
21:00:06.483 [pool-1-thread-1] DEBUG org.flywaydb.core.internal.scanner.Scanner -- Filtering out resource: db/migration/V1__Create_tables.sql (filename: V1__Create_tables.sql)
21:00:06.483 [pool-1-thread-1] DEBUG org.flywaydb.core.internal.scanner.Scanner -- Filtering out resource: db/migration/V3__Jar_symbols.sql (filename: V3__Jar_symbols.sql)
21:00:06.485 [pool-1-thread-1] INFO org.flywaydb.core.internal.schemahistory.JdbcTableSchemaHistory -- Schema history table "PUBLIC"."flyway_schema_history" does not exist yet
21:00:06.487 [pool-1-thread-1] INFO org.flywaydb.core.internal.command.DbValidate -- Successfully validated 4 migrations (execution time 00:00.014s)
21:00:06.488 [pool-1-thread-1] DEBUG org.flywaydb.core.internal.command.DbSchemas -- Skipping creation of existing schema: "PUBLIC"
21:00:06.491 [pool-1-thread-1] INFO org.flywaydb.core.internal.schemahistory.JdbcTableSchemaHistory -- Creating Schema History table "PUBLIC"."flyway_schema_history" ...
21:00:06.492 [pool-1-thread-1] DEBUG org.flywaydb.core.internal.parser.Parser -- Parsing  ...
21:00:06.497 [pool-1-thread-1] DEBUG org.flywaydb.core.internal.sqlscript.ParserSqlScript -- Found statement at line 1: CREATE TABLE IF NOT EXISTS "PUBLIC"."flyway_schema_history" (
    "installed_rank" INT NOT NULL,
    "version" VARCHAR(50),
    "description" VARCHAR(200) NOT NULL,
    "type" VARCHAR(20) NOT NULL,
    "script" VARCHAR(1000) NOT NULL,
    "checksum" INT,
    "installed_by" VARCHAR(100) NOT NULL,
    "installed_on" TIMESTAMP NOT NULL DEFAULT CURRENT_TIMESTAMP,
    "execution_time" INT NOT NULL,
    "success" BOOLEAN NOT NULL,
    CONSTRAINT "flyway_schema_history_pk" PRIMARY KEY ("installed_rank")
) AS SELECT -1, NULL, '<< Flyway Schema History table created >>', 'TABLE', '', NULL, 'SA', CURRENT_TIMESTAMP, 0, TRUE
21:00:06.497 [pool-1-thread-1] DEBUG org.flywaydb.core.internal.sqlscript.ParserSqlScript -- Found statement at line 14: CREATE INDEX "PUBLIC"."flyway_schema_history_s_idx" ON "PUBLIC"."flyway_schema_history" ("success")
21:00:06.498 [pool-1-thread-1] DEBUG org.flywaydb.core.internal.sqlscript.DefaultSqlScriptExecutor -- Executing SQL: CREATE TABLE IF NOT EXISTS "PUBLIC"."flyway_schema_history" (
    "installed_rank" INT NOT NULL,
    "version" VARCHAR(50),
    "description" VARCHAR(200) NOT NULL,
    "type" VARCHAR(20) NOT NULL,
    "script" VARCHAR(1000) NOT NULL,
    "checksum" INT,
    "installed_by" VARCHAR(100) NOT NULL,
    "installed_on" TIMESTAMP NOT NULL DEFAULT CURRENT_TIMESTAMP,
    "execution_time" INT NOT NULL,
    "success" BOOLEAN NOT NULL,
    CONSTRAINT "flyway_schema_history_pk" PRIMARY KEY ("installed_rank")
) AS SELECT -1, NULL, '<< Flyway Schema History table created >>', 'TABLE', '', NULL, 'SA', CURRENT_TIMESTAMP, 0, TRUE
21:00:06.500 [pool-1-thread-1] DEBUG org.flywaydb.core.internal.sqlscript.DefaultSqlScriptExecutor -- 0 rows affected
21:00:06.500 [pool-1-thread-1] DEBUG org.flywaydb.core.internal.sqlscript.DefaultSqlScriptExecutor -- Executing SQL: CREATE INDEX "PUBLIC"."flyway_schema_history_s_idx" ON "PUBLIC"."flyway_schema_history" ("success")
21:00:06.501 [pool-1-thread-1] DEBUG org.flywaydb.core.internal.sqlscript.DefaultSqlScriptExecutor -- 0 rows affected
21:00:06.502 [pool-1-thread-1] DEBUG org.flywaydb.core.internal.schemahistory.JdbcTableSchemaHistory -- Created Schema History table "PUBLIC"."flyway_schema_history"
21:00:06.506 [pool-1-thread-1] INFO org.flywaydb.core.internal.command.DbMigrate -- Current version of schema "PUBLIC": << Empty Schema >>
21:00:06.506 [pool-1-thread-1] DEBUG org.flywaydb.core.internal.parser.Parser -- Parsing V1__Create_tables.sql ...
21:00:06.507 [pool-1-thread-1] DEBUG org.flywaydb.core.internal.sqlscript.ParserSqlScript -- Found statement at line 4: -- The relationship between library dependency sources under .metals/readonly/**
-- and build targets they belong to. Required to know what classpath to use
-- for compiling dependency sources.
create table dependency_source(
  text_document_uri varchar primary key,
  build_target_uri varchar not null
)
21:00:06.508 [pool-1-thread-1] DEBUG org.flywaydb.core.internal.sqlscript.ParserSqlScript -- Found statement at line 12: -- The relationship between library dependency sources under .metals/readonly/**
-- and worksheets they belong to. Required to know what classpath to use
-- for compiling dependency sources.
create table worksheet_dependency_source(
  text_document_uri varchar primary key,
  worksheet_uri varchar not null
)
21:00:06.509 [pool-1-thread-1] DEBUG org.flywaydb.core.internal.sqlscript.ParserSqlScript -- Found statement at line 19: -- The relationship between what library dependency sources under .metals/readonly/**
-- map to which build targets.
create table sbt_digest(
  md5 varchar,
  status tinyint not null,
  when_recorded timestamp
)
21:00:06.509 [pool-1-thread-1] DEBUG org.flywaydb.core.internal.sqlscript.ParserSqlScript -- Found statement at line 27: -- Which window/showMessage and window/showMessageRequest dialogues have been dismissed
-- by the user via "Don't show again" or closed by clicking on "x".
create table dismissed_notification(
  id int,
  when_dismissed timestamp,
  when_expires timestamp
)
21:00:06.509 [pool-1-thread-1] DEBUG org.flywaydb.core.internal.sqlscript.ParserSqlScript -- Found statement at line 34: -- The choice of build tool when multiple build tool files are found in a workspace
create table chosen_build_tool(
  build_tool varchar primary key
)
21:00:06.510 [pool-1-thread-1] DEBUG org.flywaydb.core.internal.command.DbMigrate -- Starting migration of schema "PUBLIC" to version "1 - Create tables" ...
21:00:06.511 [pool-1-thread-1] INFO org.flywaydb.core.internal.command.DbMigrate -- Migrating schema "PUBLIC" to version "1 - Create tables"
21:00:06.511 [pool-1-thread-1] DEBUG org.flywaydb.core.internal.sqlscript.DefaultSqlScriptExecutor -- Executing SQL: -- The relationship between library dependency sources under .metals/readonly/**
-- and build targets they belong to. Required to know what classpath to use
-- for compiling dependency sources.
create table dependency_source(
  text_document_uri varchar primary key,
  build_target_uri varchar not null
)
21:00:06.513 [pool-1-thread-1] DEBUG org.flywaydb.core.internal.sqlscript.DefaultSqlScriptExecutor -- 0 rows affected
21:00:06.513 [pool-1-thread-1] DEBUG org.flywaydb.core.internal.sqlscript.DefaultSqlScriptExecutor -- Executing SQL: -- The relationship between library dependency sources under .metals/readonly/**
-- and worksheets they belong to. Required to know what classpath to use
-- for compiling dependency sources.
create table worksheet_dependency_source(
  text_document_uri varchar primary key,
  worksheet_uri varchar not null
)
21:00:06.514 [pool-1-thread-1] DEBUG org.flywaydb.core.internal.sqlscript.DefaultSqlScriptExecutor -- 0 rows affected
21:00:06.514 [pool-1-thread-1] DEBUG org.flywaydb.core.internal.sqlscript.DefaultSqlScriptExecutor -- Executing SQL: -- The relationship between what library dependency sources under .metals/readonly/**
-- map to which build targets.
create table sbt_digest(
  md5 varchar,
  status tinyint not null,
  when_recorded timestamp
)
21:00:06.515 [pool-1-thread-1] DEBUG org.flywaydb.core.internal.sqlscript.DefaultSqlScriptExecutor -- 0 rows affected
21:00:06.515 [pool-1-thread-1] DEBUG org.flywaydb.core.internal.sqlscript.DefaultSqlScriptExecutor -- Executing SQL: -- Which window/showMessage and window/showMessageRequest dialogues have been dismissed
-- by the user via "Don't show again" or closed by clicking on "x".
create table dismissed_notification(
  id int,
  when_dismissed timestamp,
  when_expires timestamp
)
21:00:06.516 [pool-1-thread-1] DEBUG org.flywaydb.core.internal.sqlscript.DefaultSqlScriptExecutor -- 0 rows affected
21:00:06.516 [pool-1-thread-1] DEBUG org.flywaydb.core.internal.sqlscript.DefaultSqlScriptExecutor -- Executing SQL: -- The choice of build tool when multiple build tool files are found in a workspace
create table chosen_build_tool(
  build_tool varchar primary key
)
21:00:06.516 [pool-1-thread-1] DEBUG org.flywaydb.core.internal.sqlscript.DefaultSqlScriptExecutor -- 0 rows affected
21:00:06.516 [pool-1-thread-1] DEBUG org.flywaydb.core.internal.command.DbMigrate -- Successfully completed migration of schema "PUBLIC" to version "1 - Create tables"
21:00:06.518 [pool-1-thread-1] DEBUG org.flywaydb.core.internal.schemahistory.JdbcTableSchemaHistory -- Schema History table "PUBLIC"."flyway_schema_history" successfully updated to reflect changes
21:00:06.521 [pool-1-thread-1] DEBUG org.flywaydb.core.internal.parser.Parser -- Parsing V2__Server_discovery.sql ...
21:00:06.523 [pool-1-thread-1] DEBUG org.flywaydb.core.internal.sqlscript.ParserSqlScript -- Found statement at line 4: -- For each unique combination of installed build servers we select one server.
-- The md5 checksum is computed from the names of the installed build servers, and
-- the selected server is the server which the user chose for this workspace.
create table chosen_build_server(
  md5 varchar primary key,
  selected_server varchar,
  when_recorded timestamp
)
21:00:06.523 [pool-1-thread-1] DEBUG org.flywaydb.core.internal.command.DbMigrate -- Starting migration of schema "PUBLIC" to version "2 - Server discovery" ...
21:00:06.523 [pool-1-thread-1] INFO org.flywaydb.core.internal.command.DbMigrate -- Migrating schema "PUBLIC" to version "2 - Server discovery"
21:00:06.523 [pool-1-thread-1] DEBUG org.flywaydb.core.internal.sqlscript.DefaultSqlScriptExecutor -- Executing SQL: -- For each unique combination of installed build servers we select one server.
-- The md5 checksum is computed from the names of the installed build servers, and
-- the selected server is the server which the user chose for this workspace.
create table chosen_build_server(
  md5 varchar primary key,
  selected_server varchar,
  when_recorded timestamp
)
21:00:06.524 [pool-1-thread-1] DEBUG org.flywaydb.core.internal.sqlscript.DefaultSqlScriptExecutor -- 0 rows affected
21:00:06.524 [pool-1-thread-1] DEBUG org.flywaydb.core.internal.command.DbMigrate -- Successfully completed migration of schema "PUBLIC" to version "2 - Server discovery"
21:00:06.525 [pool-1-thread-1] DEBUG org.flywaydb.core.internal.schemahistory.JdbcTableSchemaHistory -- Schema History table "PUBLIC"."flyway_schema_history" successfully updated to reflect changes
21:00:06.526 [pool-1-thread-1] DEBUG org.flywaydb.core.internal.parser.Parser -- Parsing V3__Jar_symbols.sql ...
21:00:06.527 [pool-1-thread-1] DEBUG org.flywaydb.core.internal.sqlscript.ParserSqlScript -- Found statement at line 2: -- Indexed jars, the MD5 digest of path, modified time and size as key
create table indexed_jar(
  id int auto_increment unique,
  md5 varchar primary key
)
21:00:06.528 [pool-1-thread-1] DEBUG org.flywaydb.core.internal.sqlscript.ParserSqlScript -- Found statement at line 7: -- Top Level Symbols per jar, allow for multiple jars with same symbols and paths
create table toplevel_symbol(
  symbol varchar not null,
  path varchar not null,
  jar int,
  foreign key (jar) references indexed_jar (id) on delete cascade,
  primary key (jar, path, symbol)
)
21:00:06.529 [pool-1-thread-1] DEBUG org.flywaydb.core.internal.sqlscript.ParserSqlScript -- Found statement at line 15: -- Create index to speedup lookup of jar symbols
create index toplevel_symbol_jar on toplevel_symbol(jar)
21:00:06.529 [pool-1-thread-1] DEBUG org.flywaydb.core.internal.command.DbMigrate -- Starting migration of schema "PUBLIC" to version "3 - Jar symbols" ...
21:00:06.529 [pool-1-thread-1] INFO org.flywaydb.core.internal.command.DbMigrate -- Migrating schema "PUBLIC" to version "3 - Jar symbols"
21:00:06.530 [pool-1-thread-1] DEBUG org.flywaydb.core.internal.sqlscript.DefaultSqlScriptExecutor -- Executing SQL: -- Indexed jars, the MD5 digest of path, modified time and size as key
create table indexed_jar(
  id int auto_increment unique,
  md5 varchar primary key
)
21:00:06.532 [pool-1-thread-1] DEBUG org.flywaydb.core.internal.sqlscript.DefaultSqlScriptExecutor -- 0 rows affected
21:00:06.532 [pool-1-thread-1] DEBUG org.flywaydb.core.internal.sqlscript.DefaultSqlScriptExecutor -- Executing SQL: -- Top Level Symbols per jar, allow for multiple jars with same symbols and paths
create table toplevel_symbol(
  symbol varchar not null,
  path varchar not null,
  jar int,
  foreign key (jar) references indexed_jar (id) on delete cascade,
  primary key (jar, path, symbol)
)
21:00:06.535 [pool-1-thread-1] DEBUG org.flywaydb.core.internal.sqlscript.DefaultSqlScriptExecutor -- 0 rows affected
21:00:06.535 [pool-1-thread-1] DEBUG org.flywaydb.core.internal.sqlscript.DefaultSqlScriptExecutor -- Executing SQL: -- Create index to speedup lookup of jar symbols
create index toplevel_symbol_jar on toplevel_symbol(jar)
21:00:06.536 [pool-1-thread-1] DEBUG org.flywaydb.core.internal.sqlscript.DefaultSqlScriptExecutor -- 0 rows affected
21:00:06.536 [pool-1-thread-1] DEBUG org.flywaydb.core.internal.command.DbMigrate -- Successfully completed migration of schema "PUBLIC" to version "3 - Jar symbols"
21:00:06.536 [pool-1-thread-1] DEBUG org.flywaydb.core.internal.schemahistory.JdbcTableSchemaHistory -- Schema History table "PUBLIC"."flyway_schema_history" successfully updated to reflect changes
21:00:06.537 [pool-1-thread-1] DEBUG org.flywaydb.core.internal.parser.Parser -- Parsing V4__Fingerprints.sql ...
21:00:06.539 [pool-1-thread-1] DEBUG org.flywaydb.core.internal.sqlscript.ParserSqlScript -- Found statement at line 2: -- Fingerprints saved between invocations
create table fingerprints(
  path varchar not null,
  text varchar not null,
  md5 varchar not null,
  id int auto_increment unique
)
21:00:06.539 [pool-1-thread-1] DEBUG org.flywaydb.core.internal.command.DbMigrate -- Starting migration of schema "PUBLIC" to version "4 - Fingerprints" ...
21:00:06.539 [pool-1-thread-1] INFO org.flywaydb.core.internal.command.DbMigrate -- Migrating schema "PUBLIC" to version "4 - Fingerprints"
21:00:06.539 [pool-1-thread-1] DEBUG org.flywaydb.core.internal.sqlscript.DefaultSqlScriptExecutor -- Executing SQL: -- Fingerprints saved between invocations
create table fingerprints(
  path varchar not null,
  text varchar not null,
  md5 varchar not null,
  id int auto_increment unique
)
21:00:06.540 [pool-1-thread-1] DEBUG org.flywaydb.core.internal.sqlscript.DefaultSqlScriptExecutor -- 0 rows affected
21:00:06.540 [pool-1-thread-1] DEBUG org.flywaydb.core.internal.command.DbMigrate -- Successfully completed migration of schema "PUBLIC" to version "4 - Fingerprints"
21:00:06.541 [pool-1-thread-1] DEBUG org.flywaydb.core.internal.schemahistory.JdbcTableSchemaHistory -- Schema History table "PUBLIC"."flyway_schema_history" successfully updated to reflect changes
21:00:06.545 [pool-1-thread-1] INFO org.flywaydb.core.internal.command.DbMigrate -- Successfully applied 4 migrations to schema "PUBLIC", now at version v4 (execution time 00:00.014s)
21:00:06.551 [pool-1-thread-1] DEBUG org.flywaydb.core.FlywayExecutor -- Memory usage: 31 of 100M
2024.02.24 21:00:08 INFO  Running List(/home/esben/.local/share/coursier/bin/scala-cli, setup-ide, /home/esben/programmierung/c#/raylibbis/nandWorld)
2024.02.24 21:00:08 WARN  No build session currently active to reload.
2024.02.24 21:00:08 INFO  Attempting to connect to the build server...
2024.02.24 21:00:08 INFO  Running BSP server List(/home/esben/.local/share/coursier/bin/.scala-cli.aux, bsp, --json-options, /home/esben/programmierung/c#/raylibbis/nandWorld/.scala-build/ide-options-v2.json, /home/esben/programmierung/c#/raylibbis/nandWorld)
2024.02.24 21:00:08 INFO  tracing is disabled for protocol BSP, to enable tracing of incoming and outgoing JSON messages create an empty file at /home/esben/programmierung/c#/raylibbis/nandWorld/.metals/bsp.trace.json or /home/esben/.cache/metals/bsp.trace.json
2024.02.24 21:00:08 WARN  No build session currently active to reload.
2024.02.24 21:00:09 INFO  BSP server: Starting compilation server
2024.02.24 21:00:09 INFO  BSP server: Error: bloop.rifle.FailedToStartServerExitCodeException: Server failed with exit code 1
2024.02.24 21:00:09 INFO  BSP server: For more details, please see '/home/esben/programmierung/c#/raylibbis/nandWorld/.scala-build/stacktraces/1708804809-2782523465082141449.log'
2024.02.24 21:00:09 INFO  BSP server: Running
2024.02.24 21:00:09 INFO  BSP server:   scala-cli bloop output
2024.02.24 21:00:09 INFO  BSP server: might give more details.
2024.02.24 21:00:12 INFO  no build target found for /home/esben/programmierung/c#/raylibbis/nandWorld/guide.scala. Using presentation compiler with project's scala-library version: 3.3.1
2024.02.24 21:00:13 ERROR Failed to tokenize input for semantic tokens for /home/esben/programmierung/c#/raylibbis/nandWorld/guide.scala
scala.meta.tokenizers.TokenizeException: <input>:84: error: illegal character '\u201c'
	var alphabet = “abcde”;
                ^
	at scala.meta.internal.tokenizers.Reporter.syntaxError(Reporter.scala:23)
	at scala.meta.internal.tokenizers.Reporter.syntaxError$(Reporter.scala:23)
	at scala.meta.internal.tokenizers.Reporter$$anon$1.syntaxError(Reporter.scala:33)
	at scala.meta.internal.tokenizers.Reporter.syntaxError(Reporter.scala:25)
	at scala.meta.internal.tokenizers.Reporter.syntaxError$(Reporter.scala:25)
	at scala.meta.internal.tokenizers.Reporter$$anon$1.syntaxError(Reporter.scala:33)
	at scala.meta.internal.tokenizers.LegacyScanner.fetchOther$1(LegacyScanner.scala:469)
	at scala.meta.internal.tokenizers.LegacyScanner.fetchToken(LegacyScanner.scala:474)
	at scala.meta.internal.tokenizers.LegacyScanner.nextToken(LegacyScanner.scala:211)
	at scala.meta.internal.tokenizers.LegacyScanner.foreach(LegacyScanner.scala:1011)
	at scala.meta.internal.tokenizers.ScalametaTokenizer.uncachedTokenize(ScalametaTokenizer.scala:24)
	at scala.meta.internal.tokenizers.ScalametaTokenizer.$anonfun$tokenize$1(ScalametaTokenizer.scala:17)
	at scala.collection.concurrent.TrieMap.getOrElseUpdate(TrieMap.scala:962)
	at scala.meta.internal.tokenizers.ScalametaTokenizer.tokenize(ScalametaTokenizer.scala:17)
	at scala.meta.internal.tokenizers.ScalametaTokenizer$$anon$2.apply(ScalametaTokenizer.scala:332)
	at scala.meta.tokenizers.Api$XtensionTokenizeDialectInput.tokenize(Api.scala:25)
	at scala.meta.tokenizers.Api$XtensionTokenizeInputLike.tokenize(Api.scala:14)
	at scala.meta.internal.metals.SemanticTokensProvider$.getTokens(SemanticTokensProvider.scala:28)
	at scala.meta.internal.metals.SemanticTokensProvider$.provide(SemanticTokensProvider.scala:89)
	at scala.meta.internal.metals.Compilers.$anonfun$semanticTokens$3(Compilers.scala:541)
	at scala.concurrent.impl.Promise$Transformation.run(Promise.scala:467)
	at java.util.concurrent.ThreadPoolExecutor.runWorker(ThreadPoolExecutor.java:1128)
	at java.util.concurrent.ThreadPoolExecutor$Worker.run(ThreadPoolExecutor.java:628)
	at java.lang.Thread.run(Thread.java:829)

2024.02.24 21:00:14 ERROR Failed to tokenize input for semantic tokens for /home/esben/programmierung/c#/raylibbis/nandWorld/guide.scala
scala.meta.tokenizers.TokenizeException: <input>:34: error: illegal character '\u201c'
	var alphabet = “abcde”;
                ^
	at scala.meta.internal.tokenizers.Reporter.syntaxError(Reporter.scala:23)
	at scala.meta.internal.tokenizers.Reporter.syntaxError$(Reporter.scala:23)
	at scala.meta.internal.tokenizers.Reporter$$anon$1.syntaxError(Reporter.scala:33)
	at scala.meta.internal.tokenizers.Reporter.syntaxError(Reporter.scala:25)
	at scala.meta.internal.tokenizers.Reporter.syntaxError$(Reporter.scala:25)
	at scala.meta.internal.tokenizers.Reporter$$anon$1.syntaxError(Reporter.scala:33)
	at scala.meta.internal.tokenizers.LegacyScanner.fetchOther$1(LegacyScanner.scala:469)
	at scala.meta.internal.tokenizers.LegacyScanner.fetchToken(LegacyScanner.scala:474)
	at scala.meta.internal.tokenizers.LegacyScanner.nextToken(LegacyScanner.scala:211)
	at scala.meta.internal.tokenizers.LegacyScanner.foreach(LegacyScanner.scala:1011)
	at scala.meta.internal.tokenizers.ScalametaTokenizer.uncachedTokenize(ScalametaTokenizer.scala:24)
	at scala.meta.internal.tokenizers.ScalametaTokenizer.$anonfun$tokenize$1(ScalametaTokenizer.scala:17)
	at scala.collection.concurrent.TrieMap.getOrElseUpdate(TrieMap.scala:962)
	at scala.meta.internal.tokenizers.ScalametaTokenizer.tokenize(ScalametaTokenizer.scala:17)
	at scala.meta.internal.tokenizers.ScalametaTokenizer$$anon$2.apply(ScalametaTokenizer.scala:332)
	at scala.meta.tokenizers.Api$XtensionTokenizeDialectInput.tokenize(Api.scala:25)
	at scala.meta.tokenizers.Api$XtensionTokenizeInputLike.tokenize(Api.scala:14)
	at scala.meta.internal.metals.SemanticTokensProvider$.getTokens(SemanticTokensProvider.scala:28)
	at scala.meta.internal.metals.SemanticTokensProvider$.provide(SemanticTokensProvider.scala:89)
	at scala.meta.internal.metals.Compilers.$anonfun$semanticTokens$3(Compilers.scala:541)
	at scala.concurrent.impl.Promise$Transformation.run(Promise.scala:467)
	at java.util.concurrent.ThreadPoolExecutor.runWorker(ThreadPoolExecutor.java:1128)
	at java.util.concurrent.ThreadPoolExecutor$Worker.run(ThreadPoolExecutor.java:628)
	at java.lang.Thread.run(Thread.java:829)

2024.02.24 21:01:08 ERROR Timeout waiting for 'build/initialize' response
2024.02.24 21:01:08 WARN  Retrying connection to the build server scala-cli
2024.02.24 21:01:08 INFO  Running BSP server List(/home/esben/.local/share/coursier/bin/.scala-cli.aux, bsp, --json-options, /home/esben/programmierung/c#/raylibbis/nandWorld/.scala-build/ide-options-v2.json, /home/esben/programmierung/c#/raylibbis/nandWorld)
2024.02.24 21:01:08 INFO  tracing is disabled for protocol BSP, to enable tracing of incoming and outgoing JSON messages create an empty file at /home/esben/programmierung/c#/raylibbis/nandWorld/.metals/bsp.trace.json or /home/esben/.cache/metals/bsp.trace.json
2024.02.24 21:01:08 INFO  BSP server: Starting compilation server
2024.02.24 21:01:08 INFO  BSP server: Error: bloop.rifle.FailedToStartServerExitCodeException: Server failed with exit code 1
2024.02.24 21:01:08 INFO  BSP server: For more details, please see '/home/esben/programmierung/c#/raylibbis/nandWorld/.scala-build/stacktraces/1708804868-9729505805033282851.log'
2024.02.24 21:01:08 INFO  BSP server: Running
2024.02.24 21:01:08 INFO  BSP server:   scala-cli bloop output
2024.02.24 21:01:08 INFO  BSP server: might give more details.
2024.02.24 21:02:08 ERROR Timeout waiting for 'build/initialize' response
2024.02.24 21:02:08 WARN  Retrying connection to the build server scala-cli
2024.02.24 21:02:08 INFO  Running BSP server List(/home/esben/.local/share/coursier/bin/.scala-cli.aux, bsp, --json-options, /home/esben/programmierung/c#/raylibbis/nandWorld/.scala-build/ide-options-v2.json, /home/esben/programmierung/c#/raylibbis/nandWorld)
2024.02.24 21:02:08 INFO  tracing is disabled for protocol BSP, to enable tracing of incoming and outgoing JSON messages create an empty file at /home/esben/programmierung/c#/raylibbis/nandWorld/.metals/bsp.trace.json or /home/esben/.cache/metals/bsp.trace.json
2024.02.24 21:02:08 INFO  BSP server: Starting compilation server
2024.02.24 21:02:08 INFO  BSP server: Error: bloop.rifle.FailedToStartServerExitCodeException: Server failed with exit code 1
2024.02.24 21:02:08 INFO  BSP server: For more details, please see '/home/esben/programmierung/c#/raylibbis/nandWorld/.scala-build/stacktraces/1708804928-11284973235073049762.log'
2024.02.24 21:02:08 INFO  BSP server: Running
2024.02.24 21:02:08 INFO  BSP server:   scala-cli bloop output
2024.02.24 21:02:08 INFO  BSP server: might give more details.
2024.02.24 21:03:08 ERROR Timeout waiting for 'build/initialize' response
2024.02.24 21:03:08 WARN  Retrying connection to the build server scala-cli
2024.02.24 21:03:08 INFO  Running BSP server List(/home/esben/.local/share/coursier/bin/.scala-cli.aux, bsp, --json-options, /home/esben/programmierung/c#/raylibbis/nandWorld/.scala-build/ide-options-v2.json, /home/esben/programmierung/c#/raylibbis/nandWorld)
2024.02.24 21:03:08 INFO  tracing is disabled for protocol BSP, to enable tracing of incoming and outgoing JSON messages create an empty file at /home/esben/programmierung/c#/raylibbis/nandWorld/.metals/bsp.trace.json or /home/esben/.cache/metals/bsp.trace.json
2024.02.24 21:03:08 INFO  BSP server: Starting compilation server
2024.02.24 21:03:08 INFO  BSP server: Error: bloop.rifle.FailedToStartServerExitCodeException: Server failed with exit code 1
2024.02.24 21:03:08 INFO  BSP server: For more details, please see '/home/esben/programmierung/c#/raylibbis/nandWorld/.scala-build/stacktraces/1708804988-13693418841380834150.log'
2024.02.24 21:03:08 INFO  BSP server: Running
2024.02.24 21:03:08 INFO  BSP server:   scala-cli bloop output
2024.02.24 21:03:08 INFO  BSP server: might give more details.
2024.02.24 21:04:08 ERROR Timeout waiting for 'build/initialize' response
2024.02.24 21:04:08 WARN  Retrying connection to the build server scala-cli
2024.02.24 21:04:08 INFO  Running BSP server List(/home/esben/.local/share/coursier/bin/.scala-cli.aux, bsp, --json-options, /home/esben/programmierung/c#/raylibbis/nandWorld/.scala-build/ide-options-v2.json, /home/esben/programmierung/c#/raylibbis/nandWorld)
2024.02.24 21:04:08 INFO  tracing is disabled for protocol BSP, to enable tracing of incoming and outgoing JSON messages create an empty file at /home/esben/programmierung/c#/raylibbis/nandWorld/.metals/bsp.trace.json or /home/esben/.cache/metals/bsp.trace.json
2024.02.24 21:04:08 INFO  BSP server: Starting compilation server
2024.02.24 21:04:08 INFO  BSP server: Error: bloop.rifle.FailedToStartServerExitCodeException: Server failed with exit code 1
2024.02.24 21:04:08 INFO  BSP server: For more details, please see '/home/esben/programmierung/c#/raylibbis/nandWorld/.scala-build/stacktraces/1708805049-804435239165845996.log'
2024.02.24 21:04:08 INFO  BSP server: Running
2024.02.24 21:04:08 INFO  BSP server:   scala-cli bloop output
2024.02.24 21:04:08 INFO  BSP server: might give more details.
2024.02.24 21:05:08 ERROR Timeout waiting for 'build/initialize' response
2024.02.24 21:05:08 WARN  Retrying connection to the build server scala-cli
2024.02.24 21:05:08 INFO  Running BSP server List(/home/esben/.local/share/coursier/bin/.scala-cli.aux, bsp, --json-options, /home/esben/programmierung/c#/raylibbis/nandWorld/.scala-build/ide-options-v2.json, /home/esben/programmierung/c#/raylibbis/nandWorld)
2024.02.24 21:05:08 INFO  tracing is disabled for protocol BSP, to enable tracing of incoming and outgoing JSON messages create an empty file at /home/esben/programmierung/c#/raylibbis/nandWorld/.metals/bsp.trace.json or /home/esben/.cache/metals/bsp.trace.json
2024.02.24 21:05:08 INFO  BSP server: Starting compilation server
2024.02.24 21:05:08 INFO  BSP server: Error: bloop.rifle.FailedToStartServerExitCodeException: Server failed with exit code 1
2024.02.24 21:05:08 INFO  BSP server: For more details, please see '/home/esben/programmierung/c#/raylibbis/nandWorld/.scala-build/stacktraces/1708805108-18093216056917071669.log'
2024.02.24 21:05:08 INFO  BSP server: Running
2024.02.24 21:05:08 INFO  BSP server:   scala-cli bloop output
2024.02.24 21:05:08 INFO  BSP server: might give more details.
2024.02.24 21:06:08 ERROR Timeout waiting for 'build/initialize' response
2024.02.24 21:06:08 ERROR Failed to connect with build server, no functionality will work.
java.util.concurrent.TimeoutException
	at java.util.concurrent.CompletableFuture.timedGet(CompletableFuture.java:1886)
	at java.util.concurrent.CompletableFuture.get(CompletableFuture.java:2021)
	at scala.meta.internal.metals.BuildServerConnection$.initialize(BuildServerConnection.scala:677)
	at scala.meta.internal.metals.BuildServerConnection$.$anonfun$fromSockets$1(BuildServerConnection.scala:560)
	at scala.concurrent.impl.Promise$Transformation.run(Promise.scala:467)
	at java.util.concurrent.ThreadPoolExecutor.runWorker(ThreadPoolExecutor.java:1128)
	at java.util.concurrent.ThreadPoolExecutor$Worker.run(ThreadPoolExecutor.java:628)
	at java.lang.Thread.run(Thread.java:829)

2024.02.25 17:22:16 INFO  Started: Metals version 1.2.2 in folders '/home/esben/programmierung/c#/raylibbis/nandWorld' for client Visual Studio Code 1.86.2.
17:22:17.205 [pool-1-thread-4] INFO org.flywaydb.core.internal.license.VersionPrinter -- Flyway Community Edition 9.22.3 by Redgate
17:22:17.207 [pool-1-thread-4] INFO org.flywaydb.core.internal.license.VersionPrinter -- See release notes here: https://rd.gt/416ObMi
17:22:17.207 [pool-1-thread-4] INFO org.flywaydb.core.internal.license.VersionPrinter -- 
17:22:17.209 [pool-1-thread-4] DEBUG org.flywaydb.core.internal.scanner.classpath.ClassPathScanner -- Scanning for classpath resources at 'classpath:db/callback' ...
17:22:17.209 [pool-1-thread-4] DEBUG org.flywaydb.core.internal.scanner.classpath.ClassPathScanner -- Determining location urls for classpath:db/callback using ClassLoader jdk.internal.loader.ClassLoaders$AppClassLoader@277050dc ...
17:22:17.209 [pool-1-thread-4] DEBUG org.flywaydb.core.internal.scanner.classpath.ClassPathScanner -- Unable to resolve location classpath:db/callback.
17:22:17.209 [pool-1-thread-4] DEBUG org.flywaydb.core.internal.scanner.classpath.ClassPathScanner -- Scanning for classpath resources at 'classpath:db/migration' ...
17:22:17.209 [pool-1-thread-4] DEBUG org.flywaydb.core.internal.scanner.classpath.ClassPathScanner -- Determining location urls for classpath:db/migration using ClassLoader jdk.internal.loader.ClassLoaders$AppClassLoader@277050dc ...
17:22:17.210 [pool-1-thread-4] DEBUG org.flywaydb.core.internal.scanner.classpath.ClassPathScanner -- Scanning URL: jar:file:/home/esben/.cache/coursier/v1/https/repo1.maven.org/maven2/org/scalameta/metals_2.13/1.2.2/metals_2.13-1.2.2.jar!/db/migration
17:22:17.212 [pool-1-thread-4] DEBUG org.flywaydb.core.internal.scanner.classpath.ClassPathScanner -- Found resource: db/migration/
17:22:17.213 [pool-1-thread-4] DEBUG org.flywaydb.core.internal.scanner.classpath.ClassPathScanner -- Found resource: db/migration/V1__Create_tables.sql
17:22:17.213 [pool-1-thread-4] DEBUG org.flywaydb.core.internal.scanner.classpath.ClassPathScanner -- Found resource: db/migration/V2__Server_discovery.sql
17:22:17.213 [pool-1-thread-4] DEBUG org.flywaydb.core.internal.scanner.classpath.ClassPathScanner -- Found resource: db/migration/V3__Jar_symbols.sql
17:22:17.213 [pool-1-thread-4] DEBUG org.flywaydb.core.internal.scanner.classpath.ClassPathScanner -- Found resource: db/migration/V4__Fingerprints.sql
17:22:17.213 [pool-1-thread-4] DEBUG org.flywaydb.core.internal.scanner.classpath.ClassPathScanner -- Scanning for classes at classpath:db/migration
17:22:17.215 [pool-1-thread-4] DEBUG org.flywaydb.core.internal.scanner.Scanner -- Filtering out resource: db/migration/ (filename: )
17:22:17.216 [pool-1-thread-4] DEBUG org.flywaydb.core.internal.resource.ResourceNameValidator -- Validating V2__Server_discovery.sql
17:22:17.217 [pool-1-thread-4] DEBUG org.flywaydb.core.internal.resource.ResourceNameValidator -- Validating V4__Fingerprints.sql
17:22:17.217 [pool-1-thread-4] DEBUG org.flywaydb.core.internal.resource.ResourceNameValidator -- Validating V1__Create_tables.sql
17:22:17.217 [pool-1-thread-4] DEBUG org.flywaydb.core.internal.resource.ResourceNameValidator -- Validating V3__Jar_symbols.sql
17:22:17.285 [pool-1-thread-4] INFO org.flywaydb.core.FlywayExecutor -- Database: jdbc:h2:file:/home/esben/programmierung/c#/raylibbis/nandWorld/.metals/metals (H2 2.2)
17:22:17.286 [pool-1-thread-4] DEBUG org.flywaydb.core.FlywayExecutor -- Driver: H2 JDBC Driver 2.2.224 (2023-09-17)
17:22:17.286 [pool-1-thread-4] DEBUG org.flywaydb.core.FlywayExecutor -- DDL Transactions Supported: false
17:22:17.287 [pool-1-thread-4] DEBUG org.flywaydb.core.internal.schemahistory.SchemaHistoryFactory -- Schemas: 
17:22:17.287 [pool-1-thread-4] DEBUG org.flywaydb.core.internal.schemahistory.SchemaHistoryFactory -- Default schema: null
17:22:17.291 [pool-1-thread-4] WARN org.flywaydb.core.internal.database.base.Database -- Flyway upgrade recommended: H2 2.2.224 is newer than this version of Flyway and support has not been tested. The latest supported version of H2 is 2.2.220.
17:22:17.292 [pool-1-thread-4] DEBUG org.flywaydb.core.internal.callback.SqlScriptCallbackFactory -- Scanning for SQL callbacks ...
17:22:17.292 [pool-1-thread-4] DEBUG org.flywaydb.core.internal.scanner.Scanner -- Filtering out resource: db/migration/ (filename: )
17:22:17.299 [pool-1-thread-4] DEBUG org.flywaydb.core.internal.command.DbValidate -- Validating migrations ...
17:22:17.303 [pool-1-thread-4] DEBUG org.flywaydb.core.internal.scanner.Scanner -- Filtering out resource: db/migration/ (filename: )
17:22:17.312 [pool-1-thread-4] DEBUG org.flywaydb.core.internal.scanner.Scanner -- Filtering out resource: db/migration/ (filename: )
17:22:17.312 [pool-1-thread-4] DEBUG org.flywaydb.core.internal.scanner.Scanner -- Filtering out resource: db/migration/V2__Server_discovery.sql (filename: V2__Server_discovery.sql)
17:22:17.312 [pool-1-thread-4] DEBUG org.flywaydb.core.internal.scanner.Scanner -- Filtering out resource: db/migration/V4__Fingerprints.sql (filename: V4__Fingerprints.sql)
17:22:17.313 [pool-1-thread-4] DEBUG org.flywaydb.core.internal.scanner.Scanner -- Filtering out resource: db/migration/V1__Create_tables.sql (filename: V1__Create_tables.sql)
17:22:17.313 [pool-1-thread-4] DEBUG org.flywaydb.core.internal.scanner.Scanner -- Filtering out resource: db/migration/V3__Jar_symbols.sql (filename: V3__Jar_symbols.sql)
17:22:17.313 [pool-1-thread-4] DEBUG org.flywaydb.core.internal.scanner.Scanner -- Filtering out resource: db/migration/ (filename: )
17:22:17.313 [pool-1-thread-4] DEBUG org.flywaydb.core.internal.scanner.Scanner -- Filtering out resource: db/migration/V2__Server_discovery.sql (filename: V2__Server_discovery.sql)
17:22:17.313 [pool-1-thread-4] DEBUG org.flywaydb.core.internal.scanner.Scanner -- Filtering out resource: db/migration/V4__Fingerprints.sql (filename: V4__Fingerprints.sql)
17:22:17.313 [pool-1-thread-4] DEBUG org.flywaydb.core.internal.scanner.Scanner -- Filtering out resource: db/migration/V1__Create_tables.sql (filename: V1__Create_tables.sql)
17:22:17.313 [pool-1-thread-4] DEBUG org.flywaydb.core.internal.scanner.Scanner -- Filtering out resource: db/migration/V3__Jar_symbols.sql (filename: V3__Jar_symbols.sql)
17:22:17.324 [pool-1-thread-4] INFO org.flywaydb.core.internal.command.DbValidate -- Successfully validated 4 migrations (execution time 00:00.024s)
17:22:17.326 [pool-1-thread-4] DEBUG org.flywaydb.core.internal.command.DbSchemas -- Skipping creation of existing schema: "PUBLIC"
17:22:17.330 [pool-1-thread-4] INFO org.flywaydb.core.internal.command.DbMigrate -- Current version of schema "PUBLIC": 4
17:22:17.333 [pool-1-thread-4] INFO org.flywaydb.core.internal.command.DbMigrate -- Schema "PUBLIC" is up to date. No migration necessary.
17:22:17.541 [pool-1-thread-4] DEBUG org.flywaydb.core.FlywayExecutor -- Memory usage: 59 of 120M
2024.02.25 17:22:17 WARN  No build session currently active to reload.
2024.02.25 17:22:17 INFO  Attempting to connect to the build server...
2024.02.25 17:22:17 INFO  Running BSP server List(/home/esben/.local/share/coursier/bin/.scala-cli.aux, bsp, --json-options, /home/esben/programmierung/c#/raylibbis/nandWorld/.scala-build/ide-options-v2.json, /home/esben/programmierung/c#/raylibbis/nandWorld)
2024.02.25 17:22:17 INFO  tracing is disabled for protocol BSP, to enable tracing of incoming and outgoing JSON messages create an empty file at /home/esben/programmierung/c#/raylibbis/nandWorld/.metals/bsp.trace.json or /home/esben/.cache/metals/bsp.trace.json
2024.02.25 17:22:18 INFO  Shutting down server
2024.02.25 17:22:18 INFO  shutting down Metals
2024.02.25 17:22:18 INFO  Exiting server
2024.02.25 17:24:37 INFO  Started: Metals version 1.2.2 in folders '/home/esben/programmierung/c#/raylibbis/nandWorld' for client Visual Studio Code 1.86.2.
17:24:38.041 [pool-1-thread-2] INFO org.flywaydb.core.internal.license.VersionPrinter -- Flyway Community Edition 9.22.3 by Redgate
17:24:38.044 [pool-1-thread-2] INFO org.flywaydb.core.internal.license.VersionPrinter -- See release notes here: https://rd.gt/416ObMi
17:24:38.044 [pool-1-thread-2] INFO org.flywaydb.core.internal.license.VersionPrinter -- 
17:24:38.047 [pool-1-thread-2] DEBUG org.flywaydb.core.internal.scanner.classpath.ClassPathScanner -- Scanning for classpath resources at 'classpath:db/callback' ...
17:24:38.047 [pool-1-thread-2] DEBUG org.flywaydb.core.internal.scanner.classpath.ClassPathScanner -- Determining location urls for classpath:db/callback using ClassLoader jdk.internal.loader.ClassLoaders$AppClassLoader@277050dc ...
17:24:38.048 [pool-1-thread-2] DEBUG org.flywaydb.core.internal.scanner.classpath.ClassPathScanner -- Unable to resolve location classpath:db/callback.
17:24:38.048 [pool-1-thread-2] DEBUG org.flywaydb.core.internal.scanner.classpath.ClassPathScanner -- Scanning for classpath resources at 'classpath:db/migration' ...
17:24:38.048 [pool-1-thread-2] DEBUG org.flywaydb.core.internal.scanner.classpath.ClassPathScanner -- Determining location urls for classpath:db/migration using ClassLoader jdk.internal.loader.ClassLoaders$AppClassLoader@277050dc ...
17:24:38.048 [pool-1-thread-2] DEBUG org.flywaydb.core.internal.scanner.classpath.ClassPathScanner -- Scanning URL: jar:file:/home/esben/.cache/coursier/v1/https/repo1.maven.org/maven2/org/scalameta/metals_2.13/1.2.2/metals_2.13-1.2.2.jar!/db/migration
17:24:38.051 [pool-1-thread-2] DEBUG org.flywaydb.core.internal.scanner.classpath.ClassPathScanner -- Found resource: db/migration/
17:24:38.051 [pool-1-thread-2] DEBUG org.flywaydb.core.internal.scanner.classpath.ClassPathScanner -- Found resource: db/migration/V1__Create_tables.sql
17:24:38.051 [pool-1-thread-2] DEBUG org.flywaydb.core.internal.scanner.classpath.ClassPathScanner -- Found resource: db/migration/V2__Server_discovery.sql
17:24:38.051 [pool-1-thread-2] DEBUG org.flywaydb.core.internal.scanner.classpath.ClassPathScanner -- Found resource: db/migration/V3__Jar_symbols.sql
17:24:38.051 [pool-1-thread-2] DEBUG org.flywaydb.core.internal.scanner.classpath.ClassPathScanner -- Found resource: db/migration/V4__Fingerprints.sql
17:24:38.052 [pool-1-thread-2] DEBUG org.flywaydb.core.internal.scanner.classpath.ClassPathScanner -- Scanning for classes at classpath:db/migration
17:24:38.055 [pool-1-thread-2] DEBUG org.flywaydb.core.internal.scanner.Scanner -- Filtering out resource: db/migration/ (filename: )
17:24:38.056 [pool-1-thread-2] DEBUG org.flywaydb.core.internal.resource.ResourceNameValidator -- Validating V2__Server_discovery.sql
17:24:38.057 [pool-1-thread-2] DEBUG org.flywaydb.core.internal.resource.ResourceNameValidator -- Validating V4__Fingerprints.sql
17:24:38.057 [pool-1-thread-2] DEBUG org.flywaydb.core.internal.resource.ResourceNameValidator -- Validating V1__Create_tables.sql
17:24:38.057 [pool-1-thread-2] DEBUG org.flywaydb.core.internal.resource.ResourceNameValidator -- Validating V3__Jar_symbols.sql
17:24:38.129 [pool-1-thread-2] INFO org.flywaydb.core.FlywayExecutor -- Database: jdbc:h2:file:/home/esben/programmierung/c#/raylibbis/nandWorld/.metals/metals (H2 2.2)
17:24:38.130 [pool-1-thread-2] DEBUG org.flywaydb.core.FlywayExecutor -- Driver: H2 JDBC Driver 2.2.224 (2023-09-17)
17:24:38.130 [pool-1-thread-2] DEBUG org.flywaydb.core.FlywayExecutor -- DDL Transactions Supported: false
17:24:38.131 [pool-1-thread-2] DEBUG org.flywaydb.core.internal.schemahistory.SchemaHistoryFactory -- Schemas: 
17:24:38.131 [pool-1-thread-2] DEBUG org.flywaydb.core.internal.schemahistory.SchemaHistoryFactory -- Default schema: null
17:24:38.135 [pool-1-thread-2] WARN org.flywaydb.core.internal.database.base.Database -- Flyway upgrade recommended: H2 2.2.224 is newer than this version of Flyway and support has not been tested. The latest supported version of H2 is 2.2.220.
17:24:38.136 [pool-1-thread-2] DEBUG org.flywaydb.core.internal.callback.SqlScriptCallbackFactory -- Scanning for SQL callbacks ...
17:24:38.136 [pool-1-thread-2] DEBUG org.flywaydb.core.internal.scanner.Scanner -- Filtering out resource: db/migration/ (filename: )
17:24:38.144 [pool-1-thread-2] DEBUG org.flywaydb.core.internal.command.DbValidate -- Validating migrations ...
17:24:38.148 [pool-1-thread-2] DEBUG org.flywaydb.core.internal.scanner.Scanner -- Filtering out resource: db/migration/ (filename: )
17:24:38.156 [pool-1-thread-2] DEBUG org.flywaydb.core.internal.scanner.Scanner -- Filtering out resource: db/migration/ (filename: )
17:24:38.156 [pool-1-thread-2] DEBUG org.flywaydb.core.internal.scanner.Scanner -- Filtering out resource: db/migration/V2__Server_discovery.sql (filename: V2__Server_discovery.sql)
17:24:38.156 [pool-1-thread-2] DEBUG org.flywaydb.core.internal.scanner.Scanner -- Filtering out resource: db/migration/V4__Fingerprints.sql (filename: V4__Fingerprints.sql)
17:24:38.156 [pool-1-thread-2] DEBUG org.flywaydb.core.internal.scanner.Scanner -- Filtering out resource: db/migration/V1__Create_tables.sql (filename: V1__Create_tables.sql)
17:24:38.156 [pool-1-thread-2] DEBUG org.flywaydb.core.internal.scanner.Scanner -- Filtering out resource: db/migration/V3__Jar_symbols.sql (filename: V3__Jar_symbols.sql)
17:24:38.157 [pool-1-thread-2] DEBUG org.flywaydb.core.internal.scanner.Scanner -- Filtering out resource: db/migration/ (filename: )
17:24:38.157 [pool-1-thread-2] DEBUG org.flywaydb.core.internal.scanner.Scanner -- Filtering out resource: db/migration/V2__Server_discovery.sql (filename: V2__Server_discovery.sql)
17:24:38.157 [pool-1-thread-2] DEBUG org.flywaydb.core.internal.scanner.Scanner -- Filtering out resource: db/migration/V4__Fingerprints.sql (filename: V4__Fingerprints.sql)
17:24:38.158 [pool-1-thread-2] DEBUG org.flywaydb.core.internal.scanner.Scanner -- Filtering out resource: db/migration/V1__Create_tables.sql (filename: V1__Create_tables.sql)
17:24:38.158 [pool-1-thread-2] DEBUG org.flywaydb.core.internal.scanner.Scanner -- Filtering out resource: db/migration/V3__Jar_symbols.sql (filename: V3__Jar_symbols.sql)
17:24:38.167 [pool-1-thread-2] INFO org.flywaydb.core.internal.command.DbValidate -- Successfully validated 4 migrations (execution time 00:00.023s)
17:24:38.169 [pool-1-thread-2] DEBUG org.flywaydb.core.internal.command.DbSchemas -- Skipping creation of existing schema: "PUBLIC"
17:24:38.175 [pool-1-thread-2] INFO org.flywaydb.core.internal.command.DbMigrate -- Current version of schema "PUBLIC": 4
17:24:38.179 [pool-1-thread-2] INFO org.flywaydb.core.internal.command.DbMigrate -- Schema "PUBLIC" is up to date. No migration necessary.
17:24:38.386 [pool-1-thread-2] DEBUG org.flywaydb.core.FlywayExecutor -- Memory usage: 30 of 100M
2024.02.25 17:24:38 WARN  No build session currently active to reload.
2024.02.25 17:24:38 INFO  Attempting to connect to the build server...
2024.02.25 17:24:38 INFO  Running BSP server List(/home/esben/.local/share/coursier/bin/.scala-cli.aux, bsp, --json-options, /home/esben/programmierung/c#/raylibbis/nandWorld/.scala-build/ide-options-v2.json, /home/esben/programmierung/c#/raylibbis/nandWorld)
2024.02.25 17:24:38 INFO  tracing is disabled for protocol BSP, to enable tracing of incoming and outgoing JSON messages create an empty file at /home/esben/programmierung/c#/raylibbis/nandWorld/.metals/bsp.trace.json or /home/esben/.cache/metals/bsp.trace.json
2024.02.25 17:24:39 INFO  BSP server: Starting compilation server
2024.02.25 17:24:39 INFO  BSP server: Error: bloop.rifle.FailedToStartServerExitCodeException: Server failed with exit code 1
2024.02.25 17:24:39 INFO  BSP server: For more details, please see '/home/esben/programmierung/c#/raylibbis/nandWorld/.scala-build/stacktraces/1708878279-16441247729472071134.log'
2024.02.25 17:24:39 INFO  BSP server: Running
2024.02.25 17:24:39 INFO  BSP server:   scala-cli bloop output
2024.02.25 17:24:39 INFO  BSP server: might give more details.
2024.02.25 17:25:16 INFO  Shutting down server
2024.02.25 17:25:16 INFO  shutting down Metals
2024.02.25 17:25:16 INFO  Exiting server
2024.02.25 17:25:24 INFO  Started: Metals version 1.2.2 in folders '/home/esben/programmierung/c#/raylibbis/nandWorld' for client Visual Studio Code 1.86.2.
17:25:25.258 [pool-1-thread-4] INFO org.flywaydb.core.internal.license.VersionPrinter -- Flyway Community Edition 9.22.3 by Redgate
17:25:25.261 [pool-1-thread-4] INFO org.flywaydb.core.internal.license.VersionPrinter -- See release notes here: https://rd.gt/416ObMi
17:25:25.261 [pool-1-thread-4] INFO org.flywaydb.core.internal.license.VersionPrinter -- 
17:25:25.263 [pool-1-thread-4] DEBUG org.flywaydb.core.internal.scanner.classpath.ClassPathScanner -- Scanning for classpath resources at 'classpath:db/callback' ...
17:25:25.263 [pool-1-thread-4] DEBUG org.flywaydb.core.internal.scanner.classpath.ClassPathScanner -- Determining location urls for classpath:db/callback using ClassLoader jdk.internal.loader.ClassLoaders$AppClassLoader@277050dc ...
17:25:25.263 [pool-1-thread-4] DEBUG org.flywaydb.core.internal.scanner.classpath.ClassPathScanner -- Unable to resolve location classpath:db/callback.
17:25:25.263 [pool-1-thread-4] DEBUG org.flywaydb.core.internal.scanner.classpath.ClassPathScanner -- Scanning for classpath resources at 'classpath:db/migration' ...
17:25:25.263 [pool-1-thread-4] DEBUG org.flywaydb.core.internal.scanner.classpath.ClassPathScanner -- Determining location urls for classpath:db/migration using ClassLoader jdk.internal.loader.ClassLoaders$AppClassLoader@277050dc ...
17:25:25.263 [pool-1-thread-4] DEBUG org.flywaydb.core.internal.scanner.classpath.ClassPathScanner -- Scanning URL: jar:file:/home/esben/.cache/coursier/v1/https/repo1.maven.org/maven2/org/scalameta/metals_2.13/1.2.2/metals_2.13-1.2.2.jar!/db/migration
17:25:25.265 [pool-1-thread-4] DEBUG org.flywaydb.core.internal.scanner.classpath.ClassPathScanner -- Found resource: db/migration/
17:25:25.265 [pool-1-thread-4] DEBUG org.flywaydb.core.internal.scanner.classpath.ClassPathScanner -- Found resource: db/migration/V1__Create_tables.sql
17:25:25.265 [pool-1-thread-4] DEBUG org.flywaydb.core.internal.scanner.classpath.ClassPathScanner -- Found resource: db/migration/V2__Server_discovery.sql
17:25:25.265 [pool-1-thread-4] DEBUG org.flywaydb.core.internal.scanner.classpath.ClassPathScanner -- Found resource: db/migration/V3__Jar_symbols.sql
17:25:25.265 [pool-1-thread-4] DEBUG org.flywaydb.core.internal.scanner.classpath.ClassPathScanner -- Found resource: db/migration/V4__Fingerprints.sql
17:25:25.265 [pool-1-thread-4] DEBUG org.flywaydb.core.internal.scanner.classpath.ClassPathScanner -- Scanning for classes at classpath:db/migration
17:25:25.267 [pool-1-thread-4] DEBUG org.flywaydb.core.internal.scanner.Scanner -- Filtering out resource: db/migration/ (filename: )
17:25:25.268 [pool-1-thread-4] DEBUG org.flywaydb.core.internal.resource.ResourceNameValidator -- Validating V2__Server_discovery.sql
17:25:25.268 [pool-1-thread-4] DEBUG org.flywaydb.core.internal.resource.ResourceNameValidator -- Validating V4__Fingerprints.sql
17:25:25.268 [pool-1-thread-4] DEBUG org.flywaydb.core.internal.resource.ResourceNameValidator -- Validating V1__Create_tables.sql
17:25:25.268 [pool-1-thread-4] DEBUG org.flywaydb.core.internal.resource.ResourceNameValidator -- Validating V3__Jar_symbols.sql
17:25:25.325 [pool-1-thread-4] INFO org.flywaydb.core.FlywayExecutor -- Database: jdbc:h2:file:/home/esben/programmierung/c#/raylibbis/nandWorld/.metals/metals (H2 2.2)
17:25:25.326 [pool-1-thread-4] DEBUG org.flywaydb.core.FlywayExecutor -- Driver: H2 JDBC Driver 2.2.224 (2023-09-17)
17:25:25.326 [pool-1-thread-4] DEBUG org.flywaydb.core.FlywayExecutor -- DDL Transactions Supported: false
17:25:25.326 [pool-1-thread-4] DEBUG org.flywaydb.core.internal.schemahistory.SchemaHistoryFactory -- Schemas: 
17:25:25.327 [pool-1-thread-4] DEBUG org.flywaydb.core.internal.schemahistory.SchemaHistoryFactory -- Default schema: null
17:25:25.329 [pool-1-thread-4] WARN org.flywaydb.core.internal.database.base.Database -- Flyway upgrade recommended: H2 2.2.224 is newer than this version of Flyway and support has not been tested. The latest supported version of H2 is 2.2.220.
17:25:25.330 [pool-1-thread-4] DEBUG org.flywaydb.core.internal.callback.SqlScriptCallbackFactory -- Scanning for SQL callbacks ...
17:25:25.330 [pool-1-thread-4] DEBUG org.flywaydb.core.internal.scanner.Scanner -- Filtering out resource: db/migration/ (filename: )
17:25:25.344 [pool-1-thread-4] DEBUG org.flywaydb.core.internal.command.DbValidate -- Validating migrations ...
17:25:25.347 [pool-1-thread-4] DEBUG org.flywaydb.core.internal.scanner.Scanner -- Filtering out resource: db/migration/ (filename: )
17:25:25.352 [pool-1-thread-4] DEBUG org.flywaydb.core.internal.scanner.Scanner -- Filtering out resource: db/migration/ (filename: )
17:25:25.352 [pool-1-thread-4] DEBUG org.flywaydb.core.internal.scanner.Scanner -- Filtering out resource: db/migration/V2__Server_discovery.sql (filename: V2__Server_discovery.sql)
17:25:25.352 [pool-1-thread-4] DEBUG org.flywaydb.core.internal.scanner.Scanner -- Filtering out resource: db/migration/V4__Fingerprints.sql (filename: V4__Fingerprints.sql)
17:25:25.352 [pool-1-thread-4] DEBUG org.flywaydb.core.internal.scanner.Scanner -- Filtering out resource: db/migration/V1__Create_tables.sql (filename: V1__Create_tables.sql)
17:25:25.352 [pool-1-thread-4] DEBUG org.flywaydb.core.internal.scanner.Scanner -- Filtering out resource: db/migration/V3__Jar_symbols.sql (filename: V3__Jar_symbols.sql)
17:25:25.353 [pool-1-thread-4] DEBUG org.flywaydb.core.internal.scanner.Scanner -- Filtering out resource: db/migration/ (filename: )
17:25:25.353 [pool-1-thread-4] DEBUG org.flywaydb.core.internal.scanner.Scanner -- Filtering out resource: db/migration/V2__Server_discovery.sql (filename: V2__Server_discovery.sql)
17:25:25.353 [pool-1-thread-4] DEBUG org.flywaydb.core.internal.scanner.Scanner -- Filtering out resource: db/migration/V4__Fingerprints.sql (filename: V4__Fingerprints.sql)
17:25:25.353 [pool-1-thread-4] DEBUG org.flywaydb.core.internal.scanner.Scanner -- Filtering out resource: db/migration/V1__Create_tables.sql (filename: V1__Create_tables.sql)
17:25:25.353 [pool-1-thread-4] DEBUG org.flywaydb.core.internal.scanner.Scanner -- Filtering out resource: db/migration/V3__Jar_symbols.sql (filename: V3__Jar_symbols.sql)
17:25:25.360 [pool-1-thread-4] INFO org.flywaydb.core.internal.command.DbValidate -- Successfully validated 4 migrations (execution time 00:00.015s)
17:25:25.361 [pool-1-thread-4] DEBUG org.flywaydb.core.internal.command.DbSchemas -- Skipping creation of existing schema: "PUBLIC"
17:25:25.364 [pool-1-thread-4] INFO org.flywaydb.core.internal.command.DbMigrate -- Current version of schema "PUBLIC": 4
17:25:25.366 [pool-1-thread-4] INFO org.flywaydb.core.internal.command.DbMigrate -- Schema "PUBLIC" is up to date. No migration necessary.
17:25:25.571 [pool-1-thread-4] DEBUG org.flywaydb.core.FlywayExecutor -- Memory usage: 59 of 121M
2024.02.25 17:25:25 WARN  No build session currently active to reload.
2024.02.25 17:25:25 INFO  Attempting to connect to the build server...
2024.02.25 17:25:25 INFO  Running BSP server List(/home/esben/.local/share/coursier/bin/.scala-cli.aux, bsp, --json-options, /home/esben/programmierung/c#/raylibbis/nandWorld/.scala-build/ide-options-v2.json, /home/esben/programmierung/c#/raylibbis/nandWorld)
2024.02.25 17:25:25 INFO  tracing is disabled for protocol BSP, to enable tracing of incoming and outgoing JSON messages create an empty file at /home/esben/programmierung/c#/raylibbis/nandWorld/.metals/bsp.trace.json or /home/esben/.cache/metals/bsp.trace.json
2024.02.25 17:25:26 INFO  BSP server: Starting compilation server
2024.02.25 17:25:26 INFO  BSP server: Error: bloop.rifle.FailedToStartServerExitCodeException: Server failed with exit code 1
2024.02.25 17:25:26 INFO  BSP server: For more details, please see '/home/esben/programmierung/c#/raylibbis/nandWorld/.scala-build/stacktraces/1708878326-7090446599150194352.log'
2024.02.25 17:25:26 INFO  BSP server: Running
2024.02.25 17:25:26 INFO  BSP server:   scala-cli bloop output
2024.02.25 17:25:26 INFO  BSP server: might give more details.
2024.02.25 17:26:25 ERROR Timeout waiting for 'build/initialize' response
2024.02.25 17:26:25 WARN  Retrying connection to the build server scala-cli
2024.02.25 17:26:25 INFO  Running BSP server List(/home/esben/.local/share/coursier/bin/.scala-cli.aux, bsp, --json-options, /home/esben/programmierung/c#/raylibbis/nandWorld/.scala-build/ide-options-v2.json, /home/esben/programmierung/c#/raylibbis/nandWorld)
2024.02.25 17:26:25 INFO  tracing is disabled for protocol BSP, to enable tracing of incoming and outgoing JSON messages create an empty file at /home/esben/programmierung/c#/raylibbis/nandWorld/.metals/bsp.trace.json or /home/esben/.cache/metals/bsp.trace.json
2024.02.25 17:26:26 INFO  BSP server: Starting compilation server
2024.02.25 17:26:26 INFO  BSP server: Error: bloop.rifle.FailedToStartServerExitCodeException: Server failed with exit code 1
2024.02.25 17:26:26 INFO  BSP server: For more details, please see '/home/esben/programmierung/c#/raylibbis/nandWorld/.scala-build/stacktraces/1708878386-6888002886167243993.log'
2024.02.25 17:26:26 INFO  BSP server: Running
2024.02.25 17:26:26 INFO  BSP server:   scala-cli bloop output
2024.02.25 17:26:26 INFO  BSP server: might give more details.
2024.02.25 17:27:25 ERROR Timeout waiting for 'build/initialize' response
2024.02.25 17:27:25 WARN  Retrying connection to the build server scala-cli
2024.02.25 17:27:25 INFO  Running BSP server List(/home/esben/.local/share/coursier/bin/.scala-cli.aux, bsp, --json-options, /home/esben/programmierung/c#/raylibbis/nandWorld/.scala-build/ide-options-v2.json, /home/esben/programmierung/c#/raylibbis/nandWorld)
2024.02.25 17:27:25 INFO  tracing is disabled for protocol BSP, to enable tracing of incoming and outgoing JSON messages create an empty file at /home/esben/programmierung/c#/raylibbis/nandWorld/.metals/bsp.trace.json or /home/esben/.cache/metals/bsp.trace.json
2024.02.25 17:27:26 INFO  BSP server: Starting compilation server
2024.02.25 17:27:26 INFO  BSP server: Error: bloop.rifle.FailedToStartServerExitCodeException: Server failed with exit code 1
2024.02.25 17:27:26 INFO  BSP server: For more details, please see '/home/esben/programmierung/c#/raylibbis/nandWorld/.scala-build/stacktraces/1708878446-10637481898752561840.log'
2024.02.25 17:27:26 INFO  BSP server: Running
2024.02.25 17:27:26 INFO  BSP server:   scala-cli bloop output
2024.02.25 17:27:26 INFO  BSP server: might give more details.
2024.02.25 17:28:25 ERROR Timeout waiting for 'build/initialize' response
2024.02.25 17:28:25 WARN  Retrying connection to the build server scala-cli
2024.02.25 17:28:25 INFO  Running BSP server List(/home/esben/.local/share/coursier/bin/.scala-cli.aux, bsp, --json-options, /home/esben/programmierung/c#/raylibbis/nandWorld/.scala-build/ide-options-v2.json, /home/esben/programmierung/c#/raylibbis/nandWorld)
2024.02.25 17:28:25 INFO  tracing is disabled for protocol BSP, to enable tracing of incoming and outgoing JSON messages create an empty file at /home/esben/programmierung/c#/raylibbis/nandWorld/.metals/bsp.trace.json or /home/esben/.cache/metals/bsp.trace.json
2024.02.25 17:28:26 INFO  BSP server: Starting compilation server
2024.02.25 17:28:26 INFO  BSP server: Error: bloop.rifle.FailedToStartServerExitCodeException: Server failed with exit code 1
2024.02.25 17:28:26 INFO  BSP server: For more details, please see '/home/esben/programmierung/c#/raylibbis/nandWorld/.scala-build/stacktraces/1708878506-16257610367910368505.log'
2024.02.25 17:28:26 INFO  BSP server: Running
2024.02.25 17:28:26 INFO  BSP server:   scala-cli bloop output
2024.02.25 17:28:26 INFO  BSP server: might give more details.
2024.02.25 17:29:25 ERROR Timeout waiting for 'build/initialize' response
2024.02.25 17:29:25 WARN  Retrying connection to the build server scala-cli
2024.02.25 17:29:25 INFO  Running BSP server List(/home/esben/.local/share/coursier/bin/.scala-cli.aux, bsp, --json-options, /home/esben/programmierung/c#/raylibbis/nandWorld/.scala-build/ide-options-v2.json, /home/esben/programmierung/c#/raylibbis/nandWorld)
2024.02.25 17:29:25 INFO  tracing is disabled for protocol BSP, to enable tracing of incoming and outgoing JSON messages create an empty file at /home/esben/programmierung/c#/raylibbis/nandWorld/.metals/bsp.trace.json or /home/esben/.cache/metals/bsp.trace.json
2024.02.25 17:29:26 INFO  BSP server: Starting compilation server
2024.02.25 17:29:26 INFO  BSP server: Error: bloop.rifle.FailedToStartServerExitCodeException: Server failed with exit code 1
2024.02.25 17:29:26 INFO  BSP server: For more details, please see '/home/esben/programmierung/c#/raylibbis/nandWorld/.scala-build/stacktraces/1708878566-3691266178452971533.log'
2024.02.25 17:29:26 INFO  BSP server: Running
2024.02.25 17:29:26 INFO  BSP server:   scala-cli bloop output
2024.02.25 17:29:26 INFO  BSP server: might give more details.
2024.02.25 17:30:25 ERROR Timeout waiting for 'build/initialize' response
2024.02.25 17:30:25 WARN  Retrying connection to the build server scala-cli
2024.02.25 17:30:25 INFO  Running BSP server List(/home/esben/.local/share/coursier/bin/.scala-cli.aux, bsp, --json-options, /home/esben/programmierung/c#/raylibbis/nandWorld/.scala-build/ide-options-v2.json, /home/esben/programmierung/c#/raylibbis/nandWorld)
2024.02.25 17:30:25 INFO  tracing is disabled for protocol BSP, to enable tracing of incoming and outgoing JSON messages create an empty file at /home/esben/programmierung/c#/raylibbis/nandWorld/.metals/bsp.trace.json or /home/esben/.cache/metals/bsp.trace.json
2024.02.25 17:30:26 INFO  BSP server: Starting compilation server
2024.02.25 17:30:26 INFO  BSP server: Error: bloop.rifle.FailedToStartServerExitCodeException: Server failed with exit code 1
2024.02.25 17:30:26 INFO  BSP server: For more details, please see '/home/esben/programmierung/c#/raylibbis/nandWorld/.scala-build/stacktraces/1708878626-7018081886687156892.log'
2024.02.25 17:30:26 INFO  BSP server: Running
2024.02.25 17:30:26 INFO  BSP server:   scala-cli bloop output
2024.02.25 17:30:26 INFO  BSP server: might give more details.
2024.02.25 17:31:25 ERROR Timeout waiting for 'build/initialize' response
2024.02.25 17:31:25 ERROR Failed to connect with build server, no functionality will work.
java.util.concurrent.TimeoutException
	at java.util.concurrent.CompletableFuture.timedGet(CompletableFuture.java:1886)
	at java.util.concurrent.CompletableFuture.get(CompletableFuture.java:2021)
	at scala.meta.internal.metals.BuildServerConnection$.initialize(BuildServerConnection.scala:677)
	at scala.meta.internal.metals.BuildServerConnection$.$anonfun$fromSockets$1(BuildServerConnection.scala:560)
	at scala.concurrent.impl.Promise$Transformation.run(Promise.scala:467)
	at java.util.concurrent.ThreadPoolExecutor.runWorker(ThreadPoolExecutor.java:1128)
	at java.util.concurrent.ThreadPoolExecutor$Worker.run(ThreadPoolExecutor.java:628)
	at java.lang.Thread.run(Thread.java:829)

2024.02.25 20:50:00 INFO  Started: Metals version 1.2.2 in folders '/home/esben/programmierung/c#/raylibbis/nandWorld' for client Visual Studio Code 1.86.2.
20:50:01.512 [pool-1-thread-2] INFO org.flywaydb.core.internal.license.VersionPrinter -- Flyway Community Edition 9.22.3 by Redgate
20:50:01.515 [pool-1-thread-2] INFO org.flywaydb.core.internal.license.VersionPrinter -- See release notes here: https://rd.gt/416ObMi
20:50:01.515 [pool-1-thread-2] INFO org.flywaydb.core.internal.license.VersionPrinter -- 
20:50:01.518 [pool-1-thread-2] DEBUG org.flywaydb.core.internal.scanner.classpath.ClassPathScanner -- Scanning for classpath resources at 'classpath:db/callback' ...
20:50:01.518 [pool-1-thread-2] DEBUG org.flywaydb.core.internal.scanner.classpath.ClassPathScanner -- Determining location urls for classpath:db/callback using ClassLoader jdk.internal.loader.ClassLoaders$AppClassLoader@277050dc ...
20:50:01.519 [pool-1-thread-2] DEBUG org.flywaydb.core.internal.scanner.classpath.ClassPathScanner -- Unable to resolve location classpath:db/callback.
20:50:01.519 [pool-1-thread-2] DEBUG org.flywaydb.core.internal.scanner.classpath.ClassPathScanner -- Scanning for classpath resources at 'classpath:db/migration' ...
20:50:01.520 [pool-1-thread-2] DEBUG org.flywaydb.core.internal.scanner.classpath.ClassPathScanner -- Determining location urls for classpath:db/migration using ClassLoader jdk.internal.loader.ClassLoaders$AppClassLoader@277050dc ...
20:50:01.521 [pool-1-thread-2] DEBUG org.flywaydb.core.internal.scanner.classpath.ClassPathScanner -- Scanning URL: jar:file:/home/esben/.cache/coursier/v1/https/repo1.maven.org/maven2/org/scalameta/metals_2.13/1.2.2/metals_2.13-1.2.2.jar!/db/migration
20:50:01.525 [pool-1-thread-2] DEBUG org.flywaydb.core.internal.scanner.classpath.ClassPathScanner -- Found resource: db/migration/
20:50:01.525 [pool-1-thread-2] DEBUG org.flywaydb.core.internal.scanner.classpath.ClassPathScanner -- Found resource: db/migration/V1__Create_tables.sql
20:50:01.525 [pool-1-thread-2] DEBUG org.flywaydb.core.internal.scanner.classpath.ClassPathScanner -- Found resource: db/migration/V2__Server_discovery.sql
20:50:01.526 [pool-1-thread-2] DEBUG org.flywaydb.core.internal.scanner.classpath.ClassPathScanner -- Found resource: db/migration/V3__Jar_symbols.sql
20:50:01.526 [pool-1-thread-2] DEBUG org.flywaydb.core.internal.scanner.classpath.ClassPathScanner -- Found resource: db/migration/V4__Fingerprints.sql
20:50:01.526 [pool-1-thread-2] DEBUG org.flywaydb.core.internal.scanner.classpath.ClassPathScanner -- Scanning for classes at classpath:db/migration
20:50:01.530 [pool-1-thread-2] DEBUG org.flywaydb.core.internal.scanner.Scanner -- Filtering out resource: db/migration/ (filename: )
20:50:01.530 [pool-1-thread-2] DEBUG org.flywaydb.core.internal.resource.ResourceNameValidator -- Validating V2__Server_discovery.sql
20:50:01.531 [pool-1-thread-2] DEBUG org.flywaydb.core.internal.resource.ResourceNameValidator -- Validating V4__Fingerprints.sql
20:50:01.532 [pool-1-thread-2] DEBUG org.flywaydb.core.internal.resource.ResourceNameValidator -- Validating V1__Create_tables.sql
20:50:01.532 [pool-1-thread-2] DEBUG org.flywaydb.core.internal.resource.ResourceNameValidator -- Validating V3__Jar_symbols.sql
20:50:01.599 [pool-1-thread-2] INFO org.flywaydb.core.FlywayExecutor -- Database: jdbc:h2:file:/home/esben/programmierung/c#/raylibbis/nandWorld/.metals/metals (H2 2.2)
20:50:01.599 [pool-1-thread-2] DEBUG org.flywaydb.core.FlywayExecutor -- Driver: H2 JDBC Driver 2.2.224 (2023-09-17)
20:50:01.599 [pool-1-thread-2] DEBUG org.flywaydb.core.FlywayExecutor -- DDL Transactions Supported: false
20:50:01.600 [pool-1-thread-2] DEBUG org.flywaydb.core.internal.schemahistory.SchemaHistoryFactory -- Schemas: 
20:50:01.600 [pool-1-thread-2] DEBUG org.flywaydb.core.internal.schemahistory.SchemaHistoryFactory -- Default schema: null
20:50:01.604 [pool-1-thread-2] WARN org.flywaydb.core.internal.database.base.Database -- Flyway upgrade recommended: H2 2.2.224 is newer than this version of Flyway and support has not been tested. The latest supported version of H2 is 2.2.220.
20:50:01.605 [pool-1-thread-2] DEBUG org.flywaydb.core.internal.callback.SqlScriptCallbackFactory -- Scanning for SQL callbacks ...
20:50:01.606 [pool-1-thread-2] DEBUG org.flywaydb.core.internal.scanner.Scanner -- Filtering out resource: db/migration/ (filename: )
20:50:01.613 [pool-1-thread-2] DEBUG org.flywaydb.core.internal.command.DbValidate -- Validating migrations ...
20:50:01.616 [pool-1-thread-2] DEBUG org.flywaydb.core.internal.scanner.Scanner -- Filtering out resource: db/migration/ (filename: )
20:50:01.622 [pool-1-thread-2] DEBUG org.flywaydb.core.internal.scanner.Scanner -- Filtering out resource: db/migration/ (filename: )
20:50:01.623 [pool-1-thread-2] DEBUG org.flywaydb.core.internal.scanner.Scanner -- Filtering out resource: db/migration/V2__Server_discovery.sql (filename: V2__Server_discovery.sql)
20:50:01.623 [pool-1-thread-2] DEBUG org.flywaydb.core.internal.scanner.Scanner -- Filtering out resource: db/migration/V4__Fingerprints.sql (filename: V4__Fingerprints.sql)
20:50:01.623 [pool-1-thread-2] DEBUG org.flywaydb.core.internal.scanner.Scanner -- Filtering out resource: db/migration/V1__Create_tables.sql (filename: V1__Create_tables.sql)
20:50:01.623 [pool-1-thread-2] DEBUG org.flywaydb.core.internal.scanner.Scanner -- Filtering out resource: db/migration/V3__Jar_symbols.sql (filename: V3__Jar_symbols.sql)
20:50:01.623 [pool-1-thread-2] DEBUG org.flywaydb.core.internal.scanner.Scanner -- Filtering out resource: db/migration/ (filename: )
20:50:01.623 [pool-1-thread-2] DEBUG org.flywaydb.core.internal.scanner.Scanner -- Filtering out resource: db/migration/V2__Server_discovery.sql (filename: V2__Server_discovery.sql)
20:50:01.623 [pool-1-thread-2] DEBUG org.flywaydb.core.internal.scanner.Scanner -- Filtering out resource: db/migration/V4__Fingerprints.sql (filename: V4__Fingerprints.sql)
20:50:01.623 [pool-1-thread-2] DEBUG org.flywaydb.core.internal.scanner.Scanner -- Filtering out resource: db/migration/V1__Create_tables.sql (filename: V1__Create_tables.sql)
20:50:01.623 [pool-1-thread-2] DEBUG org.flywaydb.core.internal.scanner.Scanner -- Filtering out resource: db/migration/V3__Jar_symbols.sql (filename: V3__Jar_symbols.sql)
20:50:01.632 [pool-1-thread-2] INFO org.flywaydb.core.internal.command.DbValidate -- Successfully validated 4 migrations (execution time 00:00.019s)
20:50:01.635 [pool-1-thread-2] DEBUG org.flywaydb.core.internal.command.DbSchemas -- Skipping creation of existing schema: "PUBLIC"
20:50:01.642 [pool-1-thread-2] INFO org.flywaydb.core.internal.command.DbMigrate -- Current version of schema "PUBLIC": 4
20:50:01.646 [pool-1-thread-2] INFO org.flywaydb.core.internal.command.DbMigrate -- Schema "PUBLIC" is up to date. No migration necessary.
20:50:01.653 [pool-1-thread-2] DEBUG org.flywaydb.core.FlywayExecutor -- Memory usage: 28 of 100M
2024.02.25 20:50:01 INFO  Attempting to connect to the build server...
2024.02.25 20:50:01 WARN  No build session currently active to reload.
2024.02.25 20:50:01 INFO  Running BSP server List(/home/esben/.local/share/coursier/bin/.scala-cli.aux, bsp, --json-options, /home/esben/programmierung/c#/raylibbis/nandWorld/.scala-build/ide-options-v2.json, /home/esben/programmierung/c#/raylibbis/nandWorld)
2024.02.25 20:50:01 INFO  tracing is disabled for protocol BSP, to enable tracing of incoming and outgoing JSON messages create an empty file at /home/esben/programmierung/c#/raylibbis/nandWorld/.metals/bsp.trace.json or /home/esben/.cache/metals/bsp.trace.json
2024.02.25 20:50:02 INFO  BSP server: Starting compilation server
2024.02.25 20:50:02 INFO  BSP server: Error: bloop.rifle.FailedToStartServerExitCodeException: Server failed with exit code 1
2024.02.25 20:50:02 INFO  BSP server: For more details, please see '/home/esben/programmierung/c#/raylibbis/nandWorld/.scala-build/stacktraces/1708890602-2116485950413726719.log'
2024.02.25 20:50:02 INFO  BSP server: Running
2024.02.25 20:50:02 INFO  BSP server:   scala-cli bloop output
2024.02.25 20:50:02 INFO  BSP server: might give more details.
Feb 25, 2024 8:50:12 PM org.eclipse.lsp4j.jsonrpc.services.GenericEndpoint notify
INFO: Unsupported notification method: $/setTrace
